# JRE version: Java(TM) SE Runtime Environment (8.0_121-b13) (build 1.8.0_121-b13)
# Java VM: Java HotSpot(TM) 64-Bit Server VM (25.121-b13 mixed mode windows-amd64 compressed oops)
Heap:
 PSYoungGen      total 58368K, used 22239K [0x00000000daf00000, 0x00000000e1700000, 0x0000000100000000)
  eden space 53760K, 35% used [0x00000000daf00000,0x00000000dc174880,0x00000000de380000)
  from space 4608K, 72% used [0x00000000deb80000,0x00000000deec3468,0x00000000df000000)
  to   space 8192K, 0% used [0x00000000de380000,0x00000000de380000,0x00000000deb80000)
 ParOldGen       total 49664K, used 6425K [0x0000000090c00000, 0x0000000093c80000, 0x00000000daf00000)
  object space 49664K, 12% used [0x0000000090c00000,0x0000000091246468,0x0000000093c80000)
 Metaspace       used 24461K, capacity 24932K, committed 25088K, reserved 1071104K
  class space    used 3076K, capacity 3238K, committed 3328K, reserved 1048576K
GC Heap History (10 events):
Event: 6.762 GC heap before
{Heap before GC invocations=3 (full 0):
 PSYoungGen      total 33280K, used 33267K [0x00000000daf00000, 0x00000000dd400000, 0x0000000100000000)
  eden space 28672K, 100% used [0x00000000daf00000,0x00000000dcb00000,0x00000000dcb00000)
  from space 4608K, 99% used [0x00000000dcf80000,0x00000000dd3fcfa8,0x00000000dd400000)
  to   space 4608K, 0% used [0x00000000dcb00000,0x00000000dcb00000,0x00000000dcf80000)
 ParOldGen       total 76800K, used 865K [0x0000000090c00000, 0x0000000095700000, 0x00000000daf00000)
  object space 76800K, 1% used [0x0000000090c00000,0x0000000090cd85d8,0x0000000095700000)
 Metaspace       used 14854K, capacity 15136K, committed 15232K, reserved 1062912K
  class space    used 1758K, capacity 1854K, committed 1920K, reserved 1048576K
Event: 6.781 GC heap after
Heap after GC invocations=3 (full 0):
 PSYoungGen      total 33280K, used 4581K [0x00000000daf00000, 0x00000000df000000, 0x0000000100000000)
  eden space 28672K, 0% used [0x00000000daf00000,0x00000000daf00000,0x00000000dcb00000)
  from space 4608K, 99% used [0x00000000dcb00000,0x00000000dcf797b8,0x00000000dcf80000)
  to   space 4608K, 0% used [0x00000000deb80000,0x00000000deb80000,0x00000000df000000)
 ParOldGen       total 76800K, used 2507K [0x0000000090c00000, 0x0000000095700000, 0x00000000daf00000)
  object space 76800K, 3% used [0x0000000090c00000,0x0000000090e72de8,0x0000000095700000)
 Metaspace       used 14854K, capacity 15136K, committed 15232K, reserved 1062912K
  class space    used 1758K, capacity 1854K, committed 1920K, reserved 1048576K
}
Event: 8.073 GC heap before
{Heap before GC invocations=4 (full 0):
 PSYoungGen      total 33280K, used 33253K [0x00000000daf00000, 0x00000000df000000, 0x0000000100000000)
  eden space 28672K, 100% used [0x00000000daf00000,0x00000000dcb00000,0x00000000dcb00000)
  from space 4608K, 99% used [0x00000000dcb00000,0x00000000dcf797b8,0x00000000dcf80000)
  to   space 4608K, 0% used [0x00000000deb80000,0x00000000deb80000,0x00000000df000000)
 ParOldGen       total 76800K, used 2507K [0x0000000090c00000, 0x0000000095700000, 0x00000000daf00000)
  object space 76800K, 3% used [0x0000000090c00000,0x0000000090e72de8,0x0000000095700000)
 Metaspace       used 17511K, capacity 17728K, committed 17920K, reserved 1064960K
  class space    used 2125K, capacity 2252K, committed 2304K, reserved 1048576K
Event: 8.095 GC heap after
Heap after GC invocations=4 (full 0):
 PSYoungGen      total 61952K, used 4582K [0x00000000daf00000, 0x00000000df000000, 0x0000000100000000)
  eden space 57344K, 0% used [0x00000000daf00000,0x00000000daf00000,0x00000000de700000)
  from space 4608K, 99% used [0x00000000deb80000,0x00000000deff9bc8,0x00000000df000000)
  to   space 4608K, 0% used [0x00000000de700000,0x00000000de700000,0x00000000deb80000)
 ParOldGen       total 76800K, used 4155K [0x0000000090c00000, 0x0000000095700000, 0x00000000daf00000)
  object space 76800K, 5% used [0x0000000090c00000,0x000000009100edd8,0x0000000095700000)
 Metaspace       used 17511K, capacity 17728K, committed 17920K, reserved 1064960K
  class space    used 2125K, capacity 2252K, committed 2304K, reserved 1048576K
}
Event: 9.848 GC heap before
{Heap before GC invocations=5 (full 0):
 PSYoungGen      total 61952K, used 31986K [0x00000000daf00000, 0x00000000df000000, 0x0000000100000000)
  eden space 57344K, 47% used [0x00000000daf00000,0x00000000dc9c2f78,0x00000000de700000)
  from space 4608K, 99% used [0x00000000deb80000,0x00000000deff9bc8,0x00000000df000000)
  to   space 4608K, 0% used [0x00000000de700000,0x00000000de700000,0x00000000deb80000)
 ParOldGen       total 76800K, used 4155K [0x0000000090c00000, 0x0000000095700000, 0x00000000daf00000)
  object space 76800K, 5% used [0x0000000090c00000,0x000000009100edd8,0x0000000095700000)
 Metaspace       used 20769K, capacity 21120K, committed 21248K, reserved 1067008K
  class space    used 2607K, capacity 2736K, committed 2816K, reserved 1048576K
Event: 9.871 GC heap after
Heap after GC invocations=5 (full 0):
 PSYoungGen      total 61952K, used 4598K [0x00000000daf00000, 0x00000000df000000, 0x0000000100000000)
  eden space 57344K, 0% used [0x00000000daf00000,0x00000000daf00000,0x00000000de700000)
  from space 4608K, 99% used [0x00000000de700000,0x00000000deb7dbd8,0x00000000deb80000)
  to   space 4608K, 0% used [0x00000000deb80000,0x00000000deb80000,0x00000000df000000)
 ParOldGen       total 76800K, used 6101K [0x0000000090c00000, 0x0000000095700000, 0x00000000daf00000)
  object space 76800K, 7% used [0x0000000090c00000,0x00000000911f5708,0x0000000095700000)
 Metaspace       used 20769K, capacity 21120K, committed 21248K, reserved 1067008K
  class space    used 2607K, capacity 2736K, committed 2816K, reserved 1048576K
}
Event: 9.871 GC heap before
{Heap before GC invocations=6 (full 1):
 PSYoungGen      total 61952K, used 4598K [0x00000000daf00000, 0x00000000df000000, 0x0000000100000000)
  eden space 57344K, 0% used [0x00000000daf00000,0x00000000daf00000,0x00000000de700000)
  from space 4608K, 99% used [0x00000000de700000,0x00000000deb7dbd8,0x00000000deb80000)
  to   space 4608K, 0% used [0x00000000deb80000,0x00000000deb80000,0x00000000df000000)
 ParOldGen       total 76800K, used 6101K [0x0000000090c00000, 0x0000000095700000, 0x00000000daf00000)
  object space 76800K, 7% used [0x0000000090c00000,0x00000000911f5708,0x0000000095700000)
 Metaspace       used 20769K, capacity 21120K, committed 21248K, reserved 1067008K
  class space    used 2607K, capacity 2736K, committed 2816K, reserved 1048576K
Event: 9.956 GC heap after
Heap after GC invocations=6 (full 1):
 PSYoungGen      total 61952K, used 0K [0x00000000daf00000, 0x00000000df000000, 0x0000000100000000)
  eden space 57344K, 0% used [0x00000000daf00000,0x00000000daf00000,0x00000000de700000)
  from space 4608K, 0% used [0x00000000de700000,0x00000000de700000,0x00000000deb80000)
  to   space 4608K, 0% used [0x00000000deb80000,0x00000000deb80000,0x00000000df000000)
 ParOldGen       total 49664K, used 6417K [0x0000000090c00000, 0x0000000093c80000, 0x00000000daf00000)
  object space 49664K, 12% used [0x0000000090c00000,0x0000000091244468,0x0000000093c80000)
 Metaspace       used 20769K, capacity 21120K, committed 21248K, reserved 1067008K
  class space    used 2607K, capacity 2736K, committed 2816K, reserved 1048576K
}
Event: 11.382 GC heap before
{Heap before GC invocations=7 (full 1):
 PSYoungGen      total 61952K, used 57344K [0x00000000daf00000, 0x00000000df000000, 0x0000000100000000)
  eden space 57344K, 100% used [0x00000000daf00000,0x00000000de700000,0x00000000de700000)
  from space 4608K, 0% used [0x00000000de700000,0x00000000de700000,0x00000000deb80000)
  to   space 4608K, 0% used [0x00000000deb80000,0x00000000deb80000,0x00000000df000000)
 ParOldGen       total 49664K, used 6417K [0x0000000090c00000, 0x0000000093c80000, 0x00000000daf00000)
  object space 49664K, 12% used [0x0000000090c00000,0x0000000091244468,0x0000000093c80000)
 Metaspace       used 23327K, capacity 23716K, committed 23808K, reserved 1071104K
  class space    used 2945K, capacity 3062K, committed 3072K, reserved 1048576K
Event: 11.392 GC heap after
Heap after GC invocations=7 (full 1):
 PSYoungGen      total 58368K, used 3341K [0x00000000daf00000, 0x00000000e1700000, 0x0000000100000000)
  eden space 53760K, 0% used [0x00000000daf00000,0x00000000daf00000,0x00000000de380000)
  from space 4608K, 72% used [0x00000000deb80000,0x00000000deec3468,0x00000000df000000)
  to   space 8192K, 0% used [0x00000000de380000,0x00000000de380000,0x00000000deb80000)
 ParOldGen       total 49664K, used 6425K [0x0000000090c00000, 0x0000000093c80000, 0x00000000daf00000)
  object space 49664K, 12% used [0x0000000090c00000,0x0000000091246468,0x0000000093c80000)
 Metaspace       used 23327K, capacity 23716K, committed 23808K, reserved 1071104K
  class space    used 2945K, capacity 3062K, committed 3072K, reserved 1048576K
}

